[2017-09-25 06:43:06] main.CRITICAL: Exception: Warning: file_put_contents(/var/www/html/magentobe/var/cache//mage-tags/mage---dd9_COMPILED_CONFIG): failed to open stream: Permission denied in /var/www/html/magentobe/vendor/colinmollenhour/cache-backend-file/File.php on line 663 in /var/www/html/magentobe/vendor/magento/framework/App/ErrorHandler.php:61
Stack trace:
#0 [internal function]: Magento\Framework\App\ErrorHandler->handler(2, 'file_put_conten...', '/var/www/html/m...', 663, Array)
#1 /var/www/html/magentobe/vendor/colinmollenhour/cache-backend-file/File.php(663): file_put_contents('/var/www/html/m...', 'dd9_GLOBAL_PLUG...', 10)
#2 /var/www/html/magentobe/vendor/colinmollenhour/cache-backend-file/File.php(179): Cm_Cache_Backend_File->_updateIdsTags(Array, Array, 'merge')
#3 /var/www/html/magentobe/vendor/magento/zendframework1/library/Zend/Cache/Core.php(390): Cm_Cache_Backend_File->save('a:3:{i:0;a:106:...', 'dd9_GLOBAL_PLUG...', Array, NULL)
#4 /var/www/html/magentobe/vendor/magento/framework/Cache/Core.php(74): Zend_Cache_Core->save('a:3:{i:0;a:106:...', 'dd9_GLOBAL_PLUG...', Array, NULL, 8)
#5 /var/www/html/magentobe/vendor/magento/framework/Cache/Frontend/Adapter/Zend.php(47): Magento\Framework\Cache\Core->save('a:3:{i:0;a:106:...', 'GLOBAL|PLUGIN-L...', Array, NULL)
#6 /var/www/html/magentobe/vendor/magento/framework/Cache/Frontend/Decorator/Bare.php(75): Magento\Framework\Cache\Frontend\Adapter\Zend->save('a:3:{i:0;a:106:...', 'global|plugin-l...', Array, NULL)
#7 /var/www/html/magentobe/vendor/magento/framework/Cache/Frontend/Decorator/TagScope.php(49): Magento\Framework\Cache\Frontend\Decorator\Bare->save('a:3:{i:0;a:106:...', 'global|plugin-l...', Array, NULL)
#8 /var/www/html/magentobe/vendor/magento/framework/Cache/Frontend/Decorator/Bare.php(75): Magento\Framework\Cache\Frontend\Decorator\TagScope->save('a:3:{i:0;a:106:...', 'global|plugin-l...', Array, NULL)
#9 /var/www/html/magentobe/vendor/magento/framework/Cache/Frontend/Decorator/Bare.php(75): Magento\Framework\Cache\Frontend\Decorator\Bare->save('a:3:{i:0;a:106:...', 'global|plugin-l...', Array, NULL)
#10 /var/www/html/magentobe/vendor/magento/framework/App/Cache/Type/AccessProxy.php(85): Magento\Framework\Cache\Frontend\Decorator\Bare->save('a:3:{i:0;a:106:...', 'global|plugin-l...', Array, NULL)
#11 /var/www/html/magentobe/vendor/magento/framework/Cache/Frontend/Decorator/Bare.php(75): Magento\Framework\App\Cache\Type\AccessProxy->save('a:3:{i:0;a:106:...', 'global|plugin-l...', Array, NULL)
#12 /var/www/html/magentobe/vendor/magento/framework/Cache/Frontend/Decorator/TagScope.php(49): Magento\Framework\Cache\Frontend\Decorator\Bare->save('a:3:{i:0;a:106:...', 'global|plugin-l...', Array, NULL)
#13 /var/www/html/magentobe/vendor/magento/framework/Interception/PluginList/PluginList.php(305): Magento\Framework\Cache\Frontend\Decorator\TagScope->save('a:3:{i:0;a:106:...', 'global|plugin-l...')
#14 /var/www/html/magentobe/vendor/magento/framework/Interception/PluginList/PluginList.php(248): Magento\Framework\Interception\PluginList\PluginList->_loadScopedData()
#15 /var/www/html/magentobe/var/generation/Magento/Framework/App/Response/Http/Interceptor.php(22): Magento\Framework\Interception\PluginList\PluginList->getNext('Magento\\Framewo...', 'sendResponse')
#16 /var/www/html/magentobe/pub/errors/report.php(15): Magento\Framework\App\Response\Http\Interceptor->sendResponse()
#17 /var/www/html/magentobe/vendor/magento/framework/App/Http.php(324): require('/var/www/html/m...')
#18 /var/www/html/magentobe/vendor/magento/framework/App/Http.php(160): Magento\Framework\App\Http->handleGenericReport(Object(Magento\Framework\App\Bootstrap), Object(Exception))
#19 /var/www/html/magentobe/vendor/magento/framework/App/Bootstrap.php(263): Magento\Framework\App\Http->catchException(Object(Magento\Framework\App\Bootstrap), Object(Exception))
#20 /var/www/html/magentobe/index.php(39): Magento\Framework\App\Bootstrap->run(Object(Magento\Framework\App\Http))
#21 {main} [] []
[2017-09-25 07:37:46] main.CRITICAL: Magento\Framework\Exception\FileSystemException: Cannot read contents from file "/var/www/html/magentobe/pub/static/adminhtml/Magento/backend/en_US/mage/requirejs/mixins.min.js" Warning!file_get_contents(/var/www/html/magentobe/pub/static/adminhtml/Magento/backend/en_US/mage/requirejs/mixins.min.js): failed to open stream: No such file or directory in /var/www/html/magentobe/vendor/magento/framework/Filesystem/Driver/File.php:149
Stack trace:
#0 /var/www/html/magentobe/vendor/magento/framework/Filesystem/Directory/Read.php(207): Magento\Framework\Filesystem\Driver\File->fileGetContents('/var/www/html/m...', NULL, NULL)
#1 /var/www/html/magentobe/vendor/magento/framework/View/Asset/Source.php(285): Magento\Framework\Filesystem\Directory\Read->readFile('mixins.min.js')
#2 /var/www/html/magentobe/vendor/magento/framework/View/Asset/Source.php(151): Magento\Framework\View\Asset\Source->createChain(Object(Magento\Framework\View\Asset\File), '/var/www/html/m...', 'mixins.min.js')
#3 /var/www/html/magentobe/vendor/magento/framework/View/Asset/Source.php(121): Magento\Framework\View\Asset\Source->preProcess(Object(Magento\Framework\View\Asset\File))
#4 /var/www/html/magentobe/vendor/magento/framework/View/Asset/File.php(163): Magento\Framework\View\Asset\Source->getContent(Object(Magento\Framework\View\Asset\File))
#5 /var/www/html/magentobe/vendor/magento/framework/View/Asset/MergeStrategy/Direct.php(70): Magento\Framework\View\Asset\File->getContent()
#6 /var/www/html/magentobe/vendor/magento/framework/View/Asset/MergeStrategy/Direct.php(52): Magento\Framework\View\Asset\MergeStrategy\Direct->composeMergedContent(Array, Object(Magento\Framework\View\Asset\File))
#7 /var/www/html/magentobe/vendor/magento/framework/View/Asset/MergeStrategy/FileExists.php(44): Magento\Framework\View\Asset\MergeStrategy\Direct->merge(Array, Object(Magento\Framework\View\Asset\File))
#8 /var/www/html/magentobe/vendor/magento/framework/View/Asset/Merged.php(97): Magento\Framework\View\Asset\MergeStrategy\FileExists->merge(Array, Object(Magento\Framework\View\Asset\File))
#9 /var/www/html/magentobe/vendor/magento/framework/View/Asset/Merged.php(157): Magento\Framework\View\Asset\Merged->initialize()
#10 /var/www/html/magentobe/vendor/magento/framework/View/Page/Config/Renderer.php(358): Magento\Framework\View\Asset\Merged->rewind()
#11 /var/www/html/magentobe/vendor/magento/framework/View/Page/Config/Renderer.php(251): Magento\Framework\View\Page\Config\Renderer->renderAssetHtml('<script  type="...', Object(Magento\Framework\View\Asset\Merged))
#12 /var/www/html/magentobe/vendor/magento/framework/View/Page/Config/Renderer.php(226): Magento\Framework\View\Page\Config\Renderer->renderAssetGroup(Object(Magento\Framework\View\Asset\PropertyGroup))
#13 /var/www/html/magentobe/vendor/magento/framework/View/Page/Config/Renderer.php(99): Magento\Framework\View\Page\Config\Renderer->renderAssets(Array)
#14 /var/www/html/magentobe/vendor/magento/framework/View/Result/Page.php(235): Magento\Framework\View\Page\Config\Renderer->renderHeadContent()
#15 /var/www/html/magentobe/vendor/magento/framework/View/Result/Layout.php(164): Magento\Framework\View\Result\Page->render(Object(Magento\Framework\App\Response\Http\Interceptor))
#16 /var/www/html/magentobe/var/generation/Magento/Backend/Model/View/Result/Page/Interceptor.php(24): Magento\Framework\View\Result\Layout->renderResult(Object(Magento\Framework\App\Response\Http\Interceptor))
#17 /var/www/html/magentobe/vendor/magento/framework/App/Http.php(139): Magento\Backend\Model\View\Result\Page\Interceptor->renderResult(Object(Magento\Framework\App\Response\Http\Interceptor))
#18 /var/www/html/magentobe/vendor/magento/framework/App/Bootstrap.php(258): Magento\Framework\App\Http->launch()
#19 /var/www/html/magentobe/index.php(39): Magento\Framework\App\Bootstrap->run(Object(Magento\Framework\App\Http))
#20 {main} [] []
[2017-09-25 07:43:24] main.CRITICAL: Exception: Warning: file_put_contents(/var/www/html/magentobe/var/cache//mage-tags/mage---dd9_COMPILED_CONFIG): failed to open stream: Permission denied in /var/www/html/magentobe/vendor/colinmollenhour/cache-backend-file/File.php on line 663 in /var/www/html/magentobe/vendor/magento/framework/App/ErrorHandler.php:61
Stack trace:
#0 [internal function]: Magento\Framework\App\ErrorHandler->handler(2, 'file_put_conten...', '/var/www/html/m...', 663, Array)
#1 /var/www/html/magentobe/vendor/colinmollenhour/cache-backend-file/File.php(663): file_put_contents('/var/www/html/m...', 'dd9_GLOBAL_PLUG...', 10)
#2 /var/www/html/magentobe/vendor/colinmollenhour/cache-backend-file/File.php(179): Cm_Cache_Backend_File->_updateIdsTags(Array, Array, 'merge')
#3 /var/www/html/magentobe/vendor/magento/zendframework1/library/Zend/Cache/Core.php(390): Cm_Cache_Backend_File->save('a:3:{i:0;a:106:...', 'dd9_GLOBAL_PLUG...', Array, NULL)
#4 /var/www/html/magentobe/vendor/magento/framework/Cache/Core.php(74): Zend_Cache_Core->save('a:3:{i:0;a:106:...', 'dd9_GLOBAL_PLUG...', Array, NULL, 8)
#5 /var/www/html/magentobe/vendor/magento/framework/Cache/Frontend/Adapter/Zend.php(47): Magento\Framework\Cache\Core->save('a:3:{i:0;a:106:...', 'GLOBAL|PLUGIN-L...', Array, NULL)
#6 /var/www/html/magentobe/vendor/magento/framework/Cache/Frontend/Decorator/Bare.php(75): Magento\Framework\Cache\Frontend\Adapter\Zend->save('a:3:{i:0;a:106:...', 'global|plugin-l...', Array, NULL)
#7 /var/www/html/magentobe/vendor/magento/framework/Cache/Frontend/Decorator/TagScope.php(49): Magento\Framework\Cache\Frontend\Decorator\Bare->save('a:3:{i:0;a:106:...', 'global|plugin-l...', Array, NULL)
#8 /var/www/html/magentobe/vendor/magento/framework/Cache/Frontend/Decorator/Bare.php(75): Magento\Framework\Cache\Frontend\Decorator\TagScope->save('a:3:{i:0;a:106:...', 'global|plugin-l...', Array, NULL)
#9 /var/www/html/magentobe/vendor/magento/framework/Cache/Frontend/Decorator/Bare.php(75): Magento\Framework\Cache\Frontend\Decorator\Bare->save('a:3:{i:0;a:106:...', 'global|plugin-l...', Array, NULL)
#10 /var/www/html/magentobe/vendor/magento/framework/App/Cache/Type/AccessProxy.php(85): Magento\Framework\Cache\Frontend\Decorator\Bare->save('a:3:{i:0;a:106:...', 'global|plugin-l...', Array, NULL)
#11 /var/www/html/magentobe/vendor/magento/framework/Cache/Frontend/Decorator/Bare.php(75): Magento\Framework\App\Cache\Type\AccessProxy->save('a:3:{i:0;a:106:...', 'global|plugin-l...', Array, NULL)
#12 /var/www/html/magentobe/vendor/magento/framework/Cache/Frontend/Decorator/TagScope.php(49): Magento\Framework\Cache\Frontend\Decorator\Bare->save('a:3:{i:0;a:106:...', 'global|plugin-l...', Array, NULL)
#13 /var/www/html/magentobe/vendor/magento/framework/Interception/PluginList/PluginList.php(305): Magento\Framework\Cache\Frontend\Decorator\TagScope->save('a:3:{i:0;a:106:...', 'global|plugin-l...')
#14 /var/www/html/magentobe/vendor/magento/framework/Interception/PluginList/PluginList.php(248): Magento\Framework\Interception\PluginList\PluginList->_loadScopedData()
#15 /var/www/html/magentobe/var/generation/Magento/Framework/App/Response/Http/Interceptor.php(22): Magento\Framework\Interception\PluginList\PluginList->getNext('Magento\\Framewo...', 'sendResponse')
#16 /var/www/html/magentobe/pub/errors/report.php(15): Magento\Framework\App\Response\Http\Interceptor->sendResponse()
#17 /var/www/html/magentobe/vendor/magento/framework/App/Http.php(324): require('/var/www/html/m...')
#18 /var/www/html/magentobe/vendor/magento/framework/App/Http.php(160): Magento\Framework\App\Http->handleGenericReport(Object(Magento\Framework\App\Bootstrap), Object(Exception))
#19 /var/www/html/magentobe/vendor/magento/framework/App/Bootstrap.php(263): Magento\Framework\App\Http->catchException(Object(Magento\Framework\App\Bootstrap), Object(Exception))
#20 /var/www/html/magentobe/index.php(39): Magento\Framework\App\Bootstrap->run(Object(Magento\Framework\App\Http))
#21 {main} [] []
[2017-09-25 07:43:39] main.CRITICAL: Magento\Framework\Exception\FileSystemException: Cannot read contents from file "/var/www/html/magentobe/pub/static/frontend/Smartwave/porto/gu_IN/mage/requirejs/mixins.min.js" Warning!file_get_contents(/var/www/html/magentobe/pub/static/frontend/Smartwave/porto/gu_IN/mage/requirejs/mixins.min.js): failed to open stream: No such file or directory in /var/www/html/magentobe/vendor/magento/framework/Filesystem/Driver/File.php:149
Stack trace:
#0 /var/www/html/magentobe/vendor/magento/framework/Filesystem/Directory/Read.php(207): Magento\Framework\Filesystem\Driver\File->fileGetContents('/var/www/html/m...', NULL, NULL)
#1 /var/www/html/magentobe/vendor/magento/framework/View/Asset/Source.php(285): Magento\Framework\Filesystem\Directory\Read->readFile('mixins.min.js')
#2 /var/www/html/magentobe/vendor/magento/framework/View/Asset/Source.php(151): Magento\Framework\View\Asset\Source->createChain(Object(Magento\Framework\View\Asset\File), '/var/www/html/m...', 'mixins.min.js')
#3 /var/www/html/magentobe/vendor/magento/framework/View/Asset/Source.php(121): Magento\Framework\View\Asset\Source->preProcess(Object(Magento\Framework\View\Asset\File))
#4 /var/www/html/magentobe/vendor/magento/framework/View/Asset/File.php(163): Magento\Framework\View\Asset\Source->getContent(Object(Magento\Framework\View\Asset\File))
#5 /var/www/html/magentobe/vendor/magento/framework/View/Asset/MergeStrategy/Direct.php(70): Magento\Framework\View\Asset\File->getContent()
#6 /var/www/html/magentobe/vendor/magento/framework/View/Asset/MergeStrategy/Direct.php(52): Magento\Framework\View\Asset\MergeStrategy\Direct->composeMergedContent(Array, Object(Magento\Framework\View\Asset\File))
#7 /var/www/html/magentobe/vendor/magento/framework/View/Asset/MergeStrategy/FileExists.php(44): Magento\Framework\View\Asset\MergeStrategy\Direct->merge(Array, Object(Magento\Framework\View\Asset\File))
#8 /var/www/html/magentobe/vendor/magento/framework/View/Asset/Merged.php(97): Magento\Framework\View\Asset\MergeStrategy\FileExists->merge(Array, Object(Magento\Framework\View\Asset\File))
#9 /var/www/html/magentobe/vendor/magento/framework/View/Asset/Merged.php(157): Magento\Framework\View\Asset\Merged->initialize()
#10 /var/www/html/magentobe/vendor/magento/framework/View/Page/Config/Renderer.php(358): Magento\Framework\View\Asset\Merged->rewind()
#11 /var/www/html/magentobe/vendor/magento/framework/View/Page/Config/Renderer.php(251): Magento\Framework\View\Page\Config\Renderer->renderAssetHtml('<script  type="...', Object(Magento\Framework\View\Asset\Merged))
#12 /var/www/html/magentobe/vendor/magento/framework/View/Page/Config/Renderer.php(226): Magento\Framework\View\Page\Config\Renderer->renderAssetGroup(Object(Magento\Framework\View\Asset\PropertyGroup))
#13 /var/www/html/magentobe/vendor/magento/framework/View/Page/Config/Renderer.php(99): Magento\Framework\View\Page\Config\Renderer->renderAssets(Array)
#14 /var/www/html/magentobe/vendor/magento/framework/View/Result/Page.php(235): Magento\Framework\View\Page\Config\Renderer->renderHeadContent()
#15 /var/www/html/magentobe/vendor/magento/framework/View/Result/Layout.php(164): Magento\Framework\View\Result\Page->render(Object(Magento\Framework\App\Response\Http\Interceptor))
#16 /var/www/html/magentobe/vendor/magento/framework/Interception/Interceptor.php(74): Magento\Framework\View\Result\Layout->renderResult(Object(Magento\Framework\App\Response\Http\Interceptor))
#17 /var/www/html/magentobe/vendor/magento/framework/Interception/Chain/Chain.php(70): Magento\Framework\View\Result\Page\Interceptor->___callParent('renderResult', Array)
#18 /var/www/html/magentobe/vendor/magento/framework/Interception/Chain/Chain.php(63): Magento\Framework\Interception\Chain\Chain->invokeNext('Magento\\Framewo...', 'renderResult', Object(Magento\Framework\View\Result\Page\Interceptor), Array, 'result-varnish-...')
#19 /var/www/html/magentobe/vendor/magento/module-page-cache/Model/Controller/Result/VarnishPlugin.php(74): Magento\Framework\Interception\Chain\Chain->Magento\Framework\Interception\Chain\{closure}(Object(Magento\Framework\App\Response\Http\Interceptor))
#20 /var/www/html/magentobe/vendor/magento/framework/Interception/Chain/Chain.php(67): Magento\PageCache\Model\Controller\Result\VarnishPlugin->aroundRenderResult(Object(Magento\Framework\View\Result\Page\Interceptor), Object(Closure), Object(Magento\Framework\App\Response\Http\Interceptor))
#21 /var/www/html/magentobe/vendor/magento/framework/Interception/Interceptor.php(138): Magento\Framework\Interception\Chain\Chain->invokeNext('Magento\\Framewo...', 'renderResult', Object(Magento\Framework\View\Result\Page\Interceptor), Array, 'result-builtin-...')
#22 /var/www/html/magentobe/vendor/magento/module-page-cache/Model/Controller/Result/BuiltinPlugin.php(67): Magento\Framework\View\Result\Page\Interceptor->Magento\Framework\Interception\{closure}(Object(Magento\Framework\App\Response\Http\Interceptor))
#23 /var/www/html/magentobe/vendor/magento/framework/Interception/Interceptor.php(142): Magento\PageCache\Model\Controller\Result\BuiltinPlugin->aroundRenderResult(Object(Magento\Framework\View\Result\Page\Interceptor), Object(Closure), Object(Magento\Framework\App\Response\Http\Interceptor))
#24 /var/www/html/magentobe/var/generation/Magento/Framework/View/Result/Page/Interceptor.php(26): Magento\Framework\View\Result\Page\Interceptor->___callPlugins('renderResult', Array, Array)
#25 /var/www/html/magentobe/vendor/magento/framework/App/Http.php(139): Magento\Framework\View\Result\Page\Interceptor->renderResult(Object(Magento\Framework\App\Response\Http\Interceptor))
#26 /var/www/html/magentobe/vendor/magento/framework/App/Bootstrap.php(258): Magento\Framework\App\Http->launch()
#27 /var/www/html/magentobe/index.php(39): Magento\Framework\App\Bootstrap->run(Object(Magento\Framework\App\Http))
#28 {main} [] []
[2017-09-25 08:47:38] main.CRITICAL: Magento\Framework\Exception\FileSystemException: Cannot read contents from file "/var/www/html/magentobe/pub/static/adminhtml/Magento/backend/gu_IN/mage/requirejs/mixins.min.js" Warning!file_get_contents(/var/www/html/magentobe/pub/static/adminhtml/Magento/backend/gu_IN/mage/requirejs/mixins.min.js): failed to open stream: No such file or directory in /var/www/html/magentobe/vendor/magento/framework/Filesystem/Driver/File.php:149
Stack trace:
#0 /var/www/html/magentobe/vendor/magento/framework/Filesystem/Directory/Read.php(207): Magento\Framework\Filesystem\Driver\File->fileGetContents('/var/www/html/m...', NULL, NULL)
#1 /var/www/html/magentobe/vendor/magento/framework/View/Asset/Source.php(285): Magento\Framework\Filesystem\Directory\Read->readFile('mixins.min.js')
#2 /var/www/html/magentobe/vendor/magento/framework/View/Asset/Source.php(151): Magento\Framework\View\Asset\Source->createChain(Object(Magento\Framework\View\Asset\File), '/var/www/html/m...', 'mixins.min.js')
#3 /var/www/html/magentobe/vendor/magento/framework/View/Asset/Source.php(121): Magento\Framework\View\Asset\Source->preProcess(Object(Magento\Framework\View\Asset\File))
#4 /var/www/html/magentobe/vendor/magento/framework/View/Asset/File.php(163): Magento\Framework\View\Asset\Source->getContent(Object(Magento\Framework\View\Asset\File))
#5 /var/www/html/magentobe/vendor/magento/framework/View/Asset/MergeStrategy/Direct.php(70): Magento\Framework\View\Asset\File->getContent()
#6 /var/www/html/magentobe/vendor/magento/framework/View/Asset/MergeStrategy/Direct.php(52): Magento\Framework\View\Asset\MergeStrategy\Direct->composeMergedContent(Array, Object(Magento\Framework\View\Asset\File))
#7 /var/www/html/magentobe/vendor/magento/framework/View/Asset/MergeStrategy/FileExists.php(44): Magento\Framework\View\Asset\MergeStrategy\Direct->merge(Array, Object(Magento\Framework\View\Asset\File))
#8 /var/www/html/magentobe/vendor/magento/framework/View/Asset/Merged.php(97): Magento\Framework\View\Asset\MergeStrategy\FileExists->merge(Array, Object(Magento\Framework\View\Asset\File))
#9 /var/www/html/magentobe/vendor/magento/framework/View/Asset/Merged.php(157): Magento\Framework\View\Asset\Merged->initialize()
#10 /var/www/html/magentobe/vendor/magento/framework/View/Page/Config/Renderer.php(358): Magento\Framework\View\Asset\Merged->rewind()
#11 /var/www/html/magentobe/vendor/magento/framework/View/Page/Config/Renderer.php(251): Magento\Framework\View\Page\Config\Renderer->renderAssetHtml('<script  type="...', Object(Magento\Framework\View\Asset\Merged))
#12 /var/www/html/magentobe/vendor/magento/framework/View/Page/Config/Renderer.php(226): Magento\Framework\View\Page\Config\Renderer->renderAssetGroup(Object(Magento\Framework\View\Asset\PropertyGroup))
#13 /var/www/html/magentobe/vendor/magento/framework/View/Page/Config/Renderer.php(99): Magento\Framework\View\Page\Config\Renderer->renderAssets(Array)
#14 /var/www/html/magentobe/vendor/magento/framework/View/Result/Page.php(235): Magento\Framework\View\Page\Config\Renderer->renderHeadContent()
#15 /var/www/html/magentobe/vendor/magento/framework/View/Result/Layout.php(164): Magento\Framework\View\Result\Page->render(Object(Magento\Framework\App\Response\Http\Interceptor))
#16 /var/www/html/magentobe/var/generation/Magento/Backend/Model/View/Result/Page/Interceptor.php(24): Magento\Framework\View\Result\Layout->renderResult(Object(Magento\Framework\App\Response\Http\Interceptor))
#17 /var/www/html/magentobe/vendor/magento/framework/App/Http.php(139): Magento\Backend\Model\View\Result\Page\Interceptor->renderResult(Object(Magento\Framework\App\Response\Http\Interceptor))
#18 /var/www/html/magentobe/vendor/magento/framework/App/Bootstrap.php(258): Magento\Framework\App\Http->launch()
#19 /var/www/html/magentobe/index.php(39): Magento\Framework\App\Bootstrap->run(Object(Magento\Framework\App\Http))
#20 {main} [] []
